alicante
amsterdam
andorra-la-vella
arrecife-lanzarote
barcelona
berlin
bilbao
bordeaux
braga
brest
brussels
cadiz
ciutadella-menorca
coimbra
cordoba
corralejo-fuerteventura
costa-adeje
dijon
eivissa-old-town
evora
fuerteventura-town
geneva
gibraltar
gijon
granada
guimaraes
hamburg
ibiza-town
leon
lille
lisbon
lyon
madrid
mahon-menorca
marseille
monaco
montpellier
munich
murcia
nantes
nice
oviedo
palma-mallorca
paris
playa-de-las-americas
pollensa-mallorca
porto
puerto-de-la-cruz
rennes
san-cristobal-de-la-laguna
san-sebastian
santander
setubal
seville
strasbourg
tenerife-town
toledo
tolouse
valencia
valladolid
vienna
vigo
zaragoza
zurich
